<?xml version="1.0" encoding="UTF-8"?>
<!-- Generated by org.testng.reporters.JUnitReportReporter -->
<testsuite hostname="LAPTOP-EP6OGHFF" name="checkValue.WebPage" tests="2" failures="0" timestamp="26 Dec 2022 10:04:23 GMT" time="4.611" errors="0">
  <testcase name="addCart" time="4.262" classname="checkValue.WebPage"/>
  <testcase name="saree" time="0.349" classname="checkValue.WebPage"/>
</testsuite> <!-- checkValue.WebPage -->
